<?xml version="1.0" encoding="UTF-8" ?>
<testsuite failures="0" time="0.005" errors="0" skipped="0" tests="5" name="com.eventmobi.matheus.marsrover.tests.RoverMovingFeaturesTest">
  <properties>
[...]
</properties>
  <testcase time="0" classname="com.eventmobi.matheus.marsrover.tests.RoverMovingFeaturesTest" name="when_rover_is_heading_south_and_moves_ahead_then_y_decrements_by_1_and_x_remains_the_same"/>
  <testcase time="0" classname="com.eventmobi.matheus.marsrover.tests.RoverMovingFeaturesTest" name="when_rover_is_heading_east_and_moves_ahead_then_x_increments_by_1_and_y_remains_the_same"/>
  <testcase time="0" classname="com.eventmobi.matheus.marsrover.tests.RoverMovingFeaturesTest" name="when_rover_is_heading_west_and_moves_ahead_then_x_decrements_by_1_and_y_remains_the_same"/>
  <testcase time="0" classname="com.eventmobi.matheus.marsrover.tests.RoverMovingFeaturesTest" name="when_rover_is_heading_north_and_moves_ahead_then_y_increments_by_1_and_x_remains_the_same"/>
  <testcase time="0" classname="com.eventmobi.matheus.marsrover.tests.RoverMovingFeaturesTest" name="when_rover_is_facing_plateaus_border_and_is_ordered_to_move_ahead__then_it_should_ignore_the_order"/>
</testsuite>